
2021-05-11 16:25:23,842 ERROR root [WinError 3] Systém nemùže nalézt uvedenou cestu: ''
2021-05-11 16:25:26,569 ERROR root float division by zero
2021-05-11 16:26:32,270 ERROR root float division by zero
2021-05-11 16:27:13,353 ERROR root float division by zero
2021-05-11 16:27:43,081 ERROR root float division by zero
2021-05-11 16:27:59,397 ERROR root float division by zero
2021-05-11 16:32:40,036 ERROR root float division by zero
2021-05-11 16:33:41,689 ERROR root float division by zero
2021-05-11 16:34:02,446 ERROR root float division by zero
2021-05-11 16:34:51,674 ERROR root float division by zero
2021-05-11 16:35:05,267 ERROR root float division by zero
2021-05-11 16:35:42,025 ERROR root float division by zero
2021-05-11 16:36:43,597 ERROR root float division by zero
2021-05-11 16:37:06,368 ERROR root float division by zero
2021-05-11 16:39:37,104 ERROR root float division by zero
2021-05-11 16:39:54,740 ERROR root float division by zero
2021-05-11 16:44:27,243 ERROR root float division by zero
2021-05-11 17:28:35,831 ERROR root float division by zero
2021-05-11 17:32:52,353 ERROR root float division by zero
2021-05-11 17:34:00,472 ERROR root float division by zero
2021-05-11 17:34:14,691 ERROR root float division by zero
2021-05-11 17:54:14,892 ERROR root float division by zero
2021-05-11 17:55:45,393 ERROR root float division by zero
2021-05-11 17:57:09,585 ERROR root float division by zero
2021-05-11 19:38:43,991 ERROR root float division by zero
2021-05-11 19:39:07,157 ERROR root [Errno 2] No such file or directory: 'C:/Users/lukas/Desktop/diplomka/data_po_roce/ vmhnhnfhn\\participants.tsv'
2021-05-11 19:39:45,448 ERROR root [Errno 2] No such file or directory: 'C:/Users/lukas/Desktop/diplomka/data_po_roce/ vmhnhnfhn\\participants.tsv'
2021-05-11 19:40:06,721 ERROR root [Errno 2] No such file or directory: 'C:/Users/lukas/Desktop/diplomka/data_po_roce/ vmhnhnfhn\\participants.tsv'
2021-05-11 19:50:45,751 ERROR root [WinError 3] Systém nemùže nalézt uvedenou cestu: 'C:/Users/lukas/Desktop/diplomka/data_po_roce/lmkbcbvx/sourcedata/metadata.xml' -> 'C:/Users/lukas/Desktop/diplomka/data_po_roce/lmkbcbvx/sourcedata/sub-15_task-lmkbcbvx_metadata.xml'
2021-05-11 19:55:00,611 ERROR root [WinError 3] Systém nemùže nalézt uvedenou cestu: 'C:/Users/lukas/Desktop/diplomka/data_po_roce/mkvmlsvdf/mkvmlsvdfll/sourcedata/metadata.xml' -> 'C:/Users/lukas/Desktop/diplomka/data_po_roce/mkvmlsvdf/mkvmlsvdfll/sourcedata/sub-04_task-mkvmlsvdfll_metadata.xml'
2021-05-11 20:09:12,725 ERROR root [WinError 3] Systém nemùže nalézt uvedenou cestu: 'C:/Users/lukas/Desktop/diplomka/data_po_roce/ahojahojahoj/sourcedata/metadata.xml' -> 'C:/Users/lukas/Desktop/diplomka/data_po_roce/ahojahojahoj/sourcedata/sub-00_task-ahojahojahoj_metadata.xml'
2021-05-11 20:25:26,387 ERROR root float division by zero
2021-05-11 21:23:05,610 ERROR root [Errno 9] Bad file descriptor
2021-05-12 10:15:02,291 ERROR root [Errno 2] No such file or directory: 'C:/Users/lukas/Desktop/diplomka/data_po_roce/PROJECT_DAYS_P3_NUMBERS/sub-01/eeg/sub-01_task-PROJECT_DAYS_P3_NUMBERS_eeg.json'
2021-05-12 10:19:12,251 ERROR root [Errno 2] No such file or directory: 'C:/Users/lukas/Desktop/diplomka/data_po_roce/PROJECT_DAYS_P3_NUMBERS/sub-01/eeg/sub-01_task-PROJECT_DAYS_P3_NUMBERS_eeg.json'
2021-05-12 10:19:20,238 ERROR root float division by zero
2021-05-12 10:19:29,420 ERROR root [Errno 2] No such file or directory: 'C:/Users/lukas/Desktop/diplomka/data_po_roce/PROJECT_DAYS_P3_NUMBE/sub-01/eeg/sub-01_task-PROJECT_DAYS_P3_NUMBE_eeg.json'
2021-05-12 13:10:45,939 ERROR root [Errno 2] No such file or directory: 'C:/Users/lukas/Desktop/diplomka/data_po_roce/ahoj_cau/sub-01/eeg/sub-01_task-ahoj_cau_eeg.json'
2021-05-12 13:18:02,606 ERROR root [Errno 2] No such file or directory: 'C:/Users/lukas/Desktop/diplomka/data_po_roce/aho_cjd/sub-01/eeg/sub-01_task-aho_cjd_eeg.json'
2021-05-16 16:01:47,622 ERROR root [WinError 3] Systém nemùže nalézt uvedenou cestu: ''
2021-05-16 16:09:34,029 ERROR root [WinError 3] Systém nemùže nalézt uvedenou cestu: ''
2021-05-16 16:13:39,259 ERROR root float division by zero
2021-05-17 21:58:30,892 ERROR root [Errno 2] No such file or directory: 'C:\\Users\\lukas\\Downloads\\PROJECT_DAYS_P3_NUMBERS_ROZBALENA-20210514T184007Z-001\\PROJECT_DAYS_P3_NUMBERS_ROZBALENAC:\\Users\\lukas\\Downloads\\PROJECT_DAYS_P3_NUMBERS_ROZBALENA-20210514T184007Z-001\\PROJECT_DAYS_P3_NUMBERS_ROZBALENA\\Experiment_731_P3_Numbers\\Data\\P3Numbers_20150526_m_14_006.vhdr'
2021-05-17 22:02:45,097 ERROR root "sub-01" already exists in the participant list. Please set overwrite to True.
2021-05-17 23:10:11,139 ERROR root float division by zero
2021-05-17 23:16:10,923 ERROR root name 'target_dir' is not defined
2021-05-18 16:54:43,495 ERROR root float division by zero
2021-05-18 17:03:48,389 ERROR root float division by zero
2021-05-19 09:10:18,988 ERROR root float division by zero
2021-05-19 09:10:31,879 ERROR root [WinError 3] Systém nemùže nalézt uvedenou cestu: ''
2021-05-19 09:10:55,921 ERROR root [Errno 2] No such file or directory: 'C:/Users/lukas/Desktop/diplomka/data_po_roce/oijokasdf\\participants.tsv'
2021-05-19 09:12:04,509 ERROR root [WinError 3] Systém nemùže nalézt uvedenou cestu: ''
2021-05-19 09:13:22,255 ERROR root float division by zero
2021-05-19 09:58:12,094 ERROR root "sub-01" already exists in the participant list. Please set overwrite to True.
2021-05-19 09:58:33,184 ERROR root [WinError 3] Systém nemùže nalézt uvedenou cestu: ''
